#
# There is insufficient memory for the Java Runtime Environment to continue.
# Native memory allocation (malloc) failed to allocate 1048576 bytes for AllocateHeap
# Possible reasons:
#   The system is out of physical RAM or swap space
#   In 32 bit mode, the process size limit was hit
# Possible solutions:
#   Reduce memory load on the system
#   Increase physical memory or swap space
#   Check if swap backing store is full
#   Use 64 bit Java on a 64 bit OS
#   Decrease Java heap size (-Xmx/-Xms)
#   Decrease number of Java threads
#   Decrease Java thread stack sizes (-Xss)
#   Set larger code cache with -XX:ReservedCodeCacheSize=
# This output file may be truncated or incomplete.
#
#  Out of Memory Error (memory/allocation.inline.hpp:61), pid=1772, tid=0x0000000000003cf8
#
# JRE version:  (8.0_181-b13) (build )
# Java VM: Java HotSpot(TM) 64-Bit Server VM (25.181-b13 mixed mode windows-amd64 compressed oops)
# Failed to write core dump. Minidumps are not enabled by default on client versions of Windows
#

---------------  T H R E A D  ---------------

Current thread (0x0000000002dee000):  JavaThread "Unknown thread" [_thread_in_vm, id=15608, stack(0x0000000002ca0000,0x0000000002da0000)]

Stack: [0x0000000002ca0000,0x0000000002da0000]
[error occurred during error reporting (printing stack bounds), id 0xc0000005]

Native frames: (J=compiled Java code, j=interpreted, Vv=VM code, C=native code)


---------------  P R O C E S S  ---------------

Java Threads: ( => current thread )

Other Threads:

=>0x0000000002dee000 (exited) JavaThread "Unknown thread" [_thread_in_vm, id=15608, stack(0x0000000002ca0000,0x0000000002da0000)]

VM state:not at safepoint (normal execution)

VM Mutex/Monitor currently owned by a thread: None

Heap:
 PSYoungGen      total 38400K, used 665K [0x00000000d5f80000, 0x00000000d8a00000, 0x0000000100000000)
  eden space 33280K, 2% used [0x00000000d5f80000,0x00000000d6026670,0x00000000d8000000)
  from space 5120K, 0% used [0x00000000d8500000,0x00000000d8500000,0x00000000d8a00000)
  to   space 5120K, 0% used [0x00000000d8000000,0x00000000d8000000,0x00000000d8500000)
 ParOldGen       total 87552K, used 0K [0x0000000081e00000, 0x0000000087380000, 0x00000000d5f80000)
  object space 87552K, 0% used [0x0000000081e00000,0x0000000081e00000,0x0000000087380000)
 Metaspace       used 751K, capacity 4480K, committed 4480K, reserved 1056768K
  class space    used 76K, capacity 384K, committed 384K, reserved 1048576K

Card table byte_map: [0x00000000122b0000,0x00000000126b0000] byte_map_base: 0x0000000011ea1000

Marking Bits: (ParMarkBitMap*) 0x0000000069302d00
 Begin Bits: [0x0000000013160000, 0x00000000150e8000)
 End Bits:   [0x00000000150e8000, 0x0000000017070000)

Polling page: 0x0000000000bf0000

CodeCache: size=245760Kb used=328Kb max_used=328Kb free=245431Kb
 bounds [0x0000000002ef0000, 0x0000000003160000, 0x0000000011ef0000]
 total_blobs=58 nmethods=0 adapters=38
 compilation: enabled

Compilation events (0 events):
No events

GC Heap History (0 events):
No events

Deoptimization events (0 events):
No events

Classes redefined (0 events):
No events

Internal exceptions (0 events):
No events

Events (10 events):
Event: 0.021 loading class java/lang/Short
Event: 0.021 loading class java/lang/Short done
Event: 0.021 loading class java/lang/Integer
Event: 0.021 loading class java/lang/Integer done
Event: 0.021 loading class java/lang/Long
Event: 0.021 loading class java/lang/Long done
Event: 0.022 loading class java/lang/NullPointerException
Event: 0.022 loading class java/lang/NullPointerException done
Event: 0.022 loading class java/lang/ArithmeticException
Event: 0.022 loading class java/lang/ArithmeticException done


Dynamic libraries:
0x00007ff66cbd0000 - 0x00007ff66cc07000 	C:\Program Files\Java\jre1.8.0_181\bin\javaw.exe
0x00007ffc9a8b0000 - 0x00007ffc9aa9d000 	C:\WINDOWS\SYSTEM32\ntdll.dll
0x00007ffc97d80000 - 0x00007ffc97e33000 	C:\WINDOWS\System32\KERNEL32.DLL
0x00007ffc969c0000 - 0x00007ffc96c53000 	C:\WINDOWS\System32\KERNELBASE.dll
0x00007ffc9a7d0000 - 0x00007ffc9a873000 	C:\WINDOWS\System32\ADVAPI32.dll
0x00007ffc97ce0000 - 0x00007ffc97d7e000 	C:\WINDOWS\System32\msvcrt.dll
0x00007ffc982a0000 - 0x00007ffc9833e000 	C:\WINDOWS\System32\sechost.dll
0x00007ffc98f80000 - 0x00007ffc990a2000 	C:\WINDOWS\System32\RPCRT4.dll
0x00007ffc97b40000 - 0x00007ffc97cd7000 	C:\WINDOWS\System32\USER32.dll
0x00007ffc96980000 - 0x00007ffc969a0000 	C:\WINDOWS\System32\win32u.dll
0x00007ffc98140000 - 0x00007ffc98169000 	C:\WINDOWS\System32\GDI32.dll
0x00007ffc96e10000 - 0x00007ffc96faa000 	C:\WINDOWS\System32\gdi32full.dll
0x00007ffc97990000 - 0x00007ffc97a30000 	C:\WINDOWS\System32\msvcp_win.dll
0x00007ffc96d10000 - 0x00007ffc96e0a000 	C:\WINDOWS\System32\ucrtbase.dll
0x00007ffc85960000 - 0x00007ffc85bd9000 	C:\WINDOWS\WinSxS\amd64_microsoft.windows.common-controls_6595b64144ccf1df_6.0.17763.379_none_05b83be8071c94a1\COMCTL32.dll
0x00007ffc98ba0000 - 0x00007ffc98ecd000 	C:\WINDOWS\System32\combase.dll
0x00007ffc96c90000 - 0x00007ffc96d0e000 	C:\WINDOWS\System32\bcryptPrimitives.dll
0x00007ffc98510000 - 0x00007ffc9853e000 	C:\WINDOWS\System32\IMM32.DLL
0x0000000068830000 - 0x0000000068902000 	C:\Program Files\Java\jre1.8.0_181\bin\msvcr100.dll
0x0000000068ae0000 - 0x0000000069382000 	C:\Program Files\Java\jre1.8.0_181\bin\server\jvm.dll
0x00007ffc97f70000 - 0x00007ffc97f78000 	C:\WINDOWS\System32\PSAPI.DLL
0x00007ffc940e0000 - 0x00007ffc94104000 	C:\WINDOWS\SYSTEM32\WINMM.dll
0x00007ffc7fd40000 - 0x00007ffc7fd49000 	C:\WINDOWS\SYSTEM32\WSOCK32.dll
0x00007ffc91790000 - 0x00007ffc9179a000 	C:\WINDOWS\SYSTEM32\VERSION.dll
0x00007ffc98a50000 - 0x00007ffc98abd000 	C:\WINDOWS\System32\WS2_32.dll
0x00007ffc93ec0000 - 0x00007ffc93eed000 	C:\WINDOWS\SYSTEM32\WINMMBASE.dll
0x00007ffc97a90000 - 0x00007ffc97ada000 	C:\WINDOWS\System32\cfgmgr32.dll
0x00000000689f0000 - 0x00000000689ff000 	C:\Program Files\Java\jre1.8.0_181\bin\verify.dll
0x00000000689c0000 - 0x00000000689e9000 	C:\Program Files\Java\jre1.8.0_181\bin\java.dll
0x00000000689a0000 - 0x00000000689b6000 	C:\Program Files\Java\jre1.8.0_181\bin\zip.dll

VM Arguments:
jvm_args: -Dmaven.home=EMBEDDED -Dclassworlds.conf=D:\KAREN\backuplatest\Data\eclipse-workspace\.metadata\.plugins\org.eclipse.m2e.launching\launches\m2conf2046639393391518125.tmp -Dmaven.multiModuleProjectDirectory=D:\KAREN\backuplatest\Data\eclipse-workspace\AttendanceManagement -Dfile.encoding=Cp1252 
java_command: org.codehaus.plexus.classworlds.launcher.Launcher -B clean
java_class_path (initial): C:\Users\Karen\.p2\pool\plugins\org.eclipse.m2e.maven.runtime_1.9.1.20180912-1600\jars\plexus-classworlds-2.5.2.jar
Launcher Type: SUN_STANDARD

Environment Variables:
JAVA_HOME=C:\Program Files\Java\jdk1.8.0_181
PATH=C:/Program Files/Java/jre1.8.0_181/bin/server;C:/Program Files/Java/jre1.8.0_181/bin;C:/Program Files/Java/jre1.8.0_181/lib/amd64;C:\Program Files (x86)\Common Files\Oracle\Java\javapath;C:\Program Files (x86)\Intel\Intel(R) Management Engine Components\iCLS\;C:\Program Files\Intel\Intel(R) Management Engine Components\iCLS\;C:\Windows\system32;C:\Windows;C:\Windows\System32\Wbem;C:\Windows\System32\WindowsPowerShell\v1.0\;C:\Windows\System32\OpenSSH\;C:\Program Files (x86)\NVIDIA Corporation\PhysX\Common;C:\Program Files (x86)\Intel\Intel(R) Management Engine Components\DAL;C:\Program Files\Intel\Intel(R) Management Engine Components\DAL;C:\Program Files (x86)\Intel\Intel(R) Management Engine Components\IPT;C:\Program Files\Intel\Intel(R) Management Engine Components\IPT;C:\Program Files\Intel\WiFi\bin\;C:\Program Files\Common Files\Intel\WirelessCommon\;C:\Program Files\MySQL\MySQL Utilities 1.6\;C:\Program Files\Java\jdk1.8.0_181\bin;;C:\WINDOWS\system32;C:\WINDOWS;C:\WINDOWS\System32\Wbem;C:\WINDOWS\System32\WindowsPowerShell\v1.0\;C:\WINDOWS\System32\OpenSSH\;C:\Program Files (x86)\AOMEI Backupper;C:\Program Files\NVIDIA Corporation\NVIDIA NvDLISR;C:\Users\Karen\AppData\Local\Programs\Python\Python37-32\Scripts\;C:\Users\Karen\AppData\Local\Programs\Python\Python37-32\;C:\Users\Karen\AppData\Local\Microsoft\WindowsApps;;C:\Users\Karen\AppData\Local\Programs\Microsoft VS Code\bin;C:\WINDOWS\System32;
USERNAME=Karen
OS=Windows_NT
PROCESSOR_IDENTIFIER=Intel64 Family 6 Model 142 Stepping 10, GenuineIntel



---------------  S Y S T E M  ---------------

OS: Windows 10.0 , 64 bit Build 17763 (10.0.17763.379)

CPU:total 8 (initial active 8) (4 cores per cpu, 2 threads per core) family 6 model 142 stepping 10, cmov, cx8, fxsr, mmx, sse, sse2, sse3, ssse3, sse4.1, sse4.2, popcnt, avx, avx2, aes, clmul, erms, 3dnowpref, lzcnt, ht, tsc, tscinvbit, bmi1, bmi2, adx

Memory: 4k page, physical 8263696k(971252k free), swap 8263696k(5128k free)

vm_info: Java HotSpot(TM) 64-Bit Server VM (25.181-b13) for windows-amd64 JRE (1.8.0_181-b13), built on Jul  7 2018 04:01:33 by "java_re" with MS VC++ 10.0 (VS2010)

time: Thu Apr 04 12:53:42 2019
elapsed time: 0 seconds (0d 0h 0m 0s)

